==221938== Memcheck, a memory error detector
==221938== Copyright (C) 2002-2017, and GNU GPL'd, by Julian Seward et al.
==221938== Using Valgrind-3.18.1 and LibVEX; rerun with -h for copyright info
==221938== Command: ././s21_grep s test_files/test_0_grep.txt -l -i
==221938== Parent PID: 212230
==221938== 
==221938== 
==221938== Process terminating with default action of signal 2 (SIGINT)
==221938==    at 0x4986539: open (open64.c:41)
==221938==    by 0x48FE0B5: _IO_file_open (fileops.c:188)
==221938==    by 0x48FE411: _IO_file_fopen@@GLIBC_2.2.5 (fileops.c:280)
==221938==    by 0x48F16AD: __fopen_internal (iofopen.c:75)
==221938==    by 0x48F16AD: fopen@@GLIBC_2.2.5 (iofopen.c:86)
==221938==    by 0x1099ED: open_file_and_i_flag (in /home/t1/21/debug/simplebush/grep/s21_grep)
==221938==    by 0x10942E: main (in /home/t1/21/debug/simplebush/grep/s21_grep)
==221938== 
==221938== HEAP SUMMARY:
==221938==     in use at exit: 1,497 bytes in 2 blocks
==221938==   total heap usage: 2 allocs, 0 frees, 1,497 bytes allocated
==221938== 
==221938== 472 bytes in 1 blocks are still reachable in loss record 1 of 2
==221938==    at 0x4848899: malloc (in /usr/libexec/valgrind/vgpreload_memcheck-amd64-linux.so)
==221938==    by 0x48F164D: __fopen_internal (iofopen.c:65)
==221938==    by 0x48F164D: fopen@@GLIBC_2.2.5 (iofopen.c:86)
==221938==    by 0x1099ED: open_file_and_i_flag (in /home/t1/21/debug/simplebush/grep/s21_grep)
==221938==    by 0x10942E: main (in /home/t1/21/debug/simplebush/grep/s21_grep)
==221938== 
==221938== 1,025 bytes in 1 blocks are still reachable in loss record 2 of 2
==221938==    at 0x4848899: malloc (in /usr/libexec/valgrind/vgpreload_memcheck-amd64-linux.so)
==221938==    by 0x1093C3: main (in /home/t1/21/debug/simplebush/grep/s21_grep)
==221938== 
==221938== LEAK SUMMARY:
==221938==    definitely lost: 0 bytes in 0 blocks
==221938==    indirectly lost: 0 bytes in 0 blocks
==221938==      possibly lost: 0 bytes in 0 blocks
==221938==    still reachable: 1,497 bytes in 2 blocks
==221938==         suppressed: 0 bytes in 0 blocks
==221938== 
==221938== For lists of detected and suppressed errors, rerun with: -s
==221938== ERROR SUMMARY: 0 errors from 0 contexts (suppressed: 0 from 0)
