lyrics.txt:Somebody once told me the world is gonna roll me
lyrics.txt:I ain't the sharpest tool in the shed
lyrics.txt:She was looking kind of dumb with her finger and her thumb
lyrics.txt:In the shape of an "L" on her forehead
lyrics.txt:Well the years start coming and they don't stop coming
lyrics.txt:Fed to the rules and I hit the ground running
lyrics.txt:Didn't make sense not to live for fun
lyrics.txt:Your brain gets smart but your head gets dumb
lyrics.txt:So much to do, so much to see
lyrics.txt:So what's wrong with taking the back streets?
lyrics.txt:You'll never know if you don't go
lyrics.txt:You'll never shine if you don't glow
lyrics.txt:Hey now, you're an all-star, get your game on, go play
lyrics.txt:Hey now, you're a rock star, get the show on, get paid
lyrics.txt:And all that glitters is gold
lyrics.txt:Only shooting stars break the mold
lyrics.txt:It's a cool place and they say it gets colder
lyrics.txt:You're bundled up now, wait 'til you get older
lyrics.txt:But the meteor men beg to differ
lyrics.txt:Judging by the hole in the satellite picture
lyrics.txt:The ice we skate is getting pretty thin
lyrics.txt:The water's getting warm so you might as well swim
lyrics.txt:My world's on fire, how about yours?
lyrics.txt:That's the way I like it and I'll never get bored
lyrics.txt:
lyrics2.txt:Buddy, you're a boy, make a big noise
lyrics2.txt:Playing in the street, gonna be a big man someday
lyrics2.txt:You got mud on your face, you big disgrace
lyrics2.txt:Kicking your can all over the place, singin'
lyrics2.txt:We will, we will rock you
lyrics2.txt:We will, we will rock you
lyrics2.txt:Buddy, you're a young man, hard man
lyrics2.txt:Shouting in the street, gonna take on the world someday
lyrics2.txt:You got blood on your face, you big disgrace
lyrics2.txt:Waving your banner all over the place
lyrics2.txt:We will, we will rock you, sing it!
lyrics2.txt:We will, we will rock you
lyrics2.txt:Buddy, you're an old man, poor man
lyrics2.txt:Pleading with your eyes, gonna make you some peace someday
lyrics2.txt:You got mud on your face, big disgrace
lyrics2.txt:Somebody better put you back into your place
lyrics2.txt:We will, we will rock you, sing it
lyrics2.txt:We will, we will rock you, everybody
lyrics2.txt:We will, we will rock you, hmm
lyrics2.txt:We will, we will rock you
lyrics2.txt:Alright
